<?xml version="1.0" encoding="UTF-8"?>
<!-- Generated by org.testng.reporters.JUnitReportReporter -->
<testsuite skipped="0" hostname="Roman-Y530" name="atid.RemoveFromCart" tests="1" failures="0" timestamp="2022-04-30T15:30:37 IDT" time="17.509" errors="0">
  <testcase name="step3" time="17.509" classname="atid.RemoveFromCart"/>
  <system-out/>
</testsuite> <!-- atid.RemoveFromCart -->
