<?xml version="1.0" encoding="UTF-8"?>
<!-- Generated by org.testng.reporters.JUnitReportReporter -->
<testsuite skipped="0" hostname="Roman-Y530" name="atid.RemoveFromCart" tests="3" failures="0" timestamp="2022-05-08T14:21:20 IDT" time="45.497" errors="0">
  <testcase name="step3" time="15.633" classname="atid.RemoveFromCart"/>
  <system-out/>
  <testcase name="step1" time="14.269" classname="atid.RemoveFromCart"/>
  <system-out/>
  <testcase name="step2" time="15.595" classname="atid.RemoveFromCart"/>
  <system-out/>
</testsuite> <!-- atid.RemoveFromCart -->
