<?xml version="1.0" encoding="UTF-8"?>
<!-- Generated by org.testng.reporters.JUnitReportReporter -->
<testsuite skipped="0" hostname="Roman-Y530" name="atid.FilterPrice" tests="2" failures="0" timestamp="2022-04-30T16:43:16 IDT" time="18.716" errors="0">
  <testcase name="step1" time="8.368" classname="atid.FilterPrice"/>
  <system-out/>
  <testcase name="step2" time="10.348" classname="atid.FilterPrice"/>
  <system-out/>
</testsuite> <!-- atid.FilterPrice -->
