<?xml version="1.0" encoding="UTF-8"?>
<!-- Generated by org.testng.reporters.JUnitReportReporter -->
<testsuite skipped="0" hostname="Roman-Y530" name="atid.FilterByCategory" tests="4" failures="0" timestamp="2022-05-08T15:22:49 IDT" time="34.184" errors="0">
  <testcase name="step4" time="7.081" classname="atid.FilterByCategory"/>
  <system-out/>
  <testcase name="step1" time="8.300" classname="atid.FilterByCategory"/>
  <system-out/>
  <testcase name="step2" time="10.453" classname="atid.FilterByCategory"/>
  <system-out/>
  <testcase name="step3" time="8.350" classname="atid.FilterByCategory"/>
  <system-out/>
</testsuite> <!-- atid.FilterByCategory -->
