<?xml version="1.0" encoding="UTF-8"?>
<!-- Generated by org.testng.reporters.JUnitReportReporter -->
<testsuite skipped="0" hostname="Roman-Y530" name="atid.FilterPrice" tests="4" failures="0" timestamp="2022-05-08T15:05:02 IDT" time="40.480" errors="0">
  <testcase name="step2" time="9.834" classname="atid.FilterPrice"/>
  <system-out/>
  <testcase name="step1" time="9.878" classname="atid.FilterPrice"/>
  <system-out/>
  <testcase name="step4" time="10.307" classname="atid.FilterPrice"/>
  <system-out/>
  <testcase name="step3" time="10.461" classname="atid.FilterPrice"/>
  <system-out/>
</testsuite> <!-- atid.FilterPrice -->
