<?xml version="1.0" encoding="UTF-8"?>
<!-- Generated by org.testng.reporters.JUnitReportReporter -->
<testsuite skipped="0" hostname="Roman-Y530" name="atid.AddToCart" tests="3" failures="0" timestamp="2022-05-08T14:20:26 IDT" time="32.612" errors="0">
  <testcase name="step1" time="11.547" classname="atid.AddToCart"/>
  <system-out/>
  <testcase name="step2" time="10.315" classname="atid.AddToCart"/>
  <system-out/>
  <testcase name="step3" time="10.750" classname="atid.AddToCart"/>
  <system-out/>
</testsuite> <!-- atid.AddToCart -->
